  arclangcompiler.cpp
C:\Program Files\LLVM\include\llvm\IR\DerivedTypes.h(455,22): warning C4244: 'initializing': conversion from 'unsigned __int64' to 'unsigned int', possible loss of data
  (compiling source file 'arclangcompiler.cpp')
  
C:\Program Files\LLVM\include\llvm\IR\DerivedTypes.h(486,24): warning C4244: 'initializing': conversion from 'unsigned __int64' to 'unsigned int', possible loss of data
  (compiling source file 'arclangcompiler.cpp')
  
C:\Program Files\LLVM\include\llvm\IR\DerivedTypes.h(596,52): warning C4244: 'argument': conversion from 'uint64_t' to 'unsigned int', possible loss of data
  (compiling source file 'arclangcompiler.cpp')
  
C:\Program Files\LLVM\include\llvm\ADT\DenseMap.h(934,3): error C7568: argument list missing after assumed function template 'AlignedCharArrayUnion'
  (compiling source file 'arclangcompiler.cpp')
      C:\Program Files\LLVM\include\llvm\ADT\DenseMap.h(934,3):
      the template instantiation context (the oldest one first) is
          C:\Program Files\LLVM\include\llvm\ADT\DenseMap.h(908,7):
          while compiling class template 'llvm::SmallDenseMap'
  
C:\Program Files\LLVM\include\llvm\ADT\DenseMap.h(1078,53): error C3878: syntax error: unexpected token 'TmpStorage' following 'expression'
  (compiling source file 'arclangcompiler.cpp')
  
C:\Program Files\LLVM\include\llvm\ADT\DenseMap.h(1078,53): message : error recovery skipped: 'identifier'
  (compiling source file 'arclangcompiler.cpp')
  
C:\Program Files\LLVM\include\llvm\ADT\DenseMap.h(1079,56): error C2065: 'TmpStorage': undeclared identifier
  (compiling source file 'arclangcompiler.cpp')
  
C:\Program Files\LLVM\include\llvm\IR\Metadata.h(1101,30): warning C4267: 'argument': conversion from 'size_t' to 'unsigned int', possible loss of data
  (compiling source file 'arclangcompiler.cpp')
  
C:\Program Files\LLVM\include\llvm\IR\Metadata.h(1160,29): warning C4267: 'return': conversion from 'size_t' to 'unsigned int', possible loss of data
  (compiling source file 'arclangcompiler.cpp')
  
C:\Program Files\LLVM\include\llvm\IR\Metadata.h(1522,16): warning C4267: 'argument': conversion from 'size_t' to 'unsigned int', possible loss of data
  (compiling source file 'arclangcompiler.cpp')
  
C:\Program Files\LLVM\include\llvm\IR\Constants.h(783,66): warning C4244: 'argument': conversion from 'uint64_t' to 'unsigned int', possible loss of data
  (compiling source file 'arclangcompiler.cpp')
  
C:\Program Files\LLVM\include\llvm\IR\InstrTypes.h(1375,25): warning C4244: 'return': conversion from '__int64' to 'unsigned int', possible loss of data
  (compiling source file 'arclangcompiler.cpp')
  
C:\Program Files\LLVM\include\llvm\IR\InstrTypes.h(1397,14): warning C4244: 'return': conversion from '__int64' to 'unsigned int', possible loss of data
  (compiling source file 'arclangcompiler.cpp')
  
C:\Program Files\LLVM\include\llvm\IR\InstrTypes.h(1424,48): warning C4244: 'return': conversion from '__int64' to 'unsigned int', possible loss of data
  (compiling source file 'arclangcompiler.cpp')
  
C:\Program Files\LLVM\include\llvm\IR\InstrTypes.h(1459,14): warning C4244: 'return': conversion from '__int64' to 'unsigned int', possible loss of data
  (compiling source file 'arclangcompiler.cpp')
  
C:\Program Files\LLVM\include\llvm\IR\InstrTypes.h(2037,25): warning C4244: 'return': conversion from '__int64' to 'unsigned int', possible loss of data
  (compiling source file 'arclangcompiler.cpp')
  
C:\Program Files\LLVM\include\llvm\IR\InstrTypes.h(2072,53): warning C4244: 'argument': conversion from '__int64' to 'unsigned int', possible loss of data
  (compiling source file 'arclangcompiler.cpp')
  
C:\Program Files\LLVM\include\llvm\IR\InstrTypes.h(2350,28): warning C4267: '+=': conversion from 'size_t' to 'unsigned int', possible loss of data
  (compiling source file 'arclangcompiler.cpp')
  
C:\Program Files\LLVM\include\llvm\IR\Operator.h(75,7): warning C4624: 'llvm::OverflowingBinaryOperator': destructor was implicitly defined as deleted
  (compiling source file 'arclangcompiler.cpp')
  
C:\Program Files\LLVM\include\llvm\IR\Operator.h(129,7): warning C4624: 'llvm::PossiblyExactOperator': destructor was implicitly defined as deleted
  (compiling source file 'arclangcompiler.cpp')
  
C:\Program Files\LLVM\include\llvm\IR\Operator.h(170,7): warning C4624: 'llvm::FPMathOperator': destructor was implicitly defined as deleted
  (compiling source file 'arclangcompiler.cpp')
  
C:\Program Files\LLVM\include\llvm\IR\Operator.h(336,7): warning C4624: 'llvm::ConcreteOperator<llvm::OverflowingBinaryOperator,13>': destructor was implicitly defined as deleted
  (compiling source file 'arclangcompiler.cpp')
      C:\Program Files\LLVM\include\llvm\IR\Operator.h(336,7):
      the template instantiation context (the oldest one first) is
          C:\Program Files\LLVM\include\llvm\IR\Operator.h(351,12):
          see reference to class template instantiation 'llvm::ConcreteOperator<llvm::OverflowingBinaryOperator,13>' being compiled
  
C:\Program Files\LLVM\include\llvm\IR\Operator.h(350,7): warning C4624: 'llvm::AddOperator': destructor was implicitly defined as deleted
  (compiling source file 'arclangcompiler.cpp')
  
C:\Program Files\LLVM\include\llvm\IR\Operator.h(336,7): warning C4624: 'llvm::ConcreteOperator<llvm::OverflowingBinaryOperator,15>': destructor was implicitly defined as deleted
  (compiling source file 'arclangcompiler.cpp')
      C:\Program Files\LLVM\include\llvm\IR\Operator.h(336,7):
      the template instantiation context (the oldest one first) is
          C:\Program Files\LLVM\include\llvm\IR\Operator.h(354,12):
          see reference to class template instantiation 'llvm::ConcreteOperator<llvm::OverflowingBinaryOperator,15>' being compiled
  
C:\Program Files\LLVM\include\llvm\IR\Operator.h(353,7): warning C4624: 'llvm::SubOperator': destructor was implicitly defined as deleted
  (compiling source file 'arclangcompiler.cpp')
  
C:\Program Files\LLVM\include\llvm\IR\Operator.h(336,7): warning C4624: 'llvm::ConcreteOperator<llvm::OverflowingBinaryOperator,17>': destructor was implicitly defined as deleted
  (compiling source file 'arclangcompiler.cpp')
      C:\Program Files\LLVM\include\llvm\IR\Operator.h(336,7):
      the template instantiation context (the oldest one first) is
          C:\Program Files\LLVM\include\llvm\IR\Operator.h(357,12):
          see reference to class template instantiation 'llvm::ConcreteOperator<llvm::OverflowingBinaryOperator,17>' being compiled
  
C:\Program Files\LLVM\include\llvm\IR\Operator.h(356,7): warning C4624: 'llvm::MulOperator': destructor was implicitly defined as deleted
  (compiling source file 'arclangcompiler.cpp')
  
C:\Program Files\LLVM\include\llvm\IR\Operator.h(336,7): warning C4624: 'llvm::ConcreteOperator<llvm::OverflowingBinaryOperator,25>': destructor was implicitly defined as deleted
  (compiling source file 'arclangcompiler.cpp')
      C:\Program Files\LLVM\include\llvm\IR\Operator.h(336,7):
      the template instantiation context (the oldest one first) is
          C:\Program Files\LLVM\include\llvm\IR\Operator.h(360,12):
          see reference to class template instantiation 'llvm::ConcreteOperator<llvm::OverflowingBinaryOperator,25>' being compiled
  
C:\Program Files\LLVM\include\llvm\IR\Operator.h(359,7): warning C4624: 'llvm::ShlOperator': destructor was implicitly defined as deleted
  (compiling source file 'arclangcompiler.cpp')
  
C:\Program Files\LLVM\include\llvm\IR\Operator.h(336,7): warning C4624: 'llvm::ConcreteOperator<llvm::PossiblyExactOperator,27>': destructor was implicitly defined as deleted
  (compiling source file 'arclangcompiler.cpp')
      C:\Program Files\LLVM\include\llvm\IR\Operator.h(336,7):
      the template instantiation context (the oldest one first) is
          C:\Program Files\LLVM\include\llvm\IR\Operator.h(364,12):
          see reference to class template instantiation 'llvm::ConcreteOperator<llvm::PossiblyExactOperator,27>' being compiled
  
C:\Program Files\LLVM\include\llvm\IR\Operator.h(363,7): warning C4624: 'llvm::AShrOperator': destructor was implicitly defined as deleted
  (compiling source file 'arclangcompiler.cpp')
  
C:\Program Files\LLVM\include\llvm\IR\Operator.h(336,7): warning C4624: 'llvm::ConcreteOperator<llvm::PossiblyExactOperator,26>': destructor was implicitly defined as deleted
  (compiling source file 'arclangcompiler.cpp')
      C:\Program Files\LLVM\include\llvm\IR\Operator.h(336,7):
      the template instantiation context (the oldest one first) is
          C:\Program Files\LLVM\include\llvm\IR\Operator.h(367,12):
          see reference to class template instantiation 'llvm::ConcreteOperator<llvm::PossiblyExactOperator,26>' being compiled
  
C:\Program Files\LLVM\include\llvm\IR\Operator.h(366,7): warning C4624: 'llvm::LShrOperator': destructor was implicitly defined as deleted
  (compiling source file 'arclangcompiler.cpp')
  
C:\Program Files\LLVM\include\llvm\IR\Operator.h(336,7): warning C4624: 'llvm::ConcreteOperator<llvm::Operator,34>': destructor was implicitly defined as deleted
  (compiling source file 'arclangcompiler.cpp')
      C:\Program Files\LLVM\include\llvm\IR\Operator.h(336,7):
      the template instantiation context (the oldest one first) is
          C:\Program Files\LLVM\include\llvm\IR\Operator.h(371,12):
          see reference to class template instantiation 'llvm::ConcreteOperator<llvm::Operator,34>' being compiled
  
C:\Program Files\LLVM\include\llvm\IR\Operator.h(370,7): warning C4624: 'llvm::GEPOperator': destructor was implicitly defined as deleted
  (compiling source file 'arclangcompiler.cpp')
  
C:\Program Files\LLVM\include\llvm\IR\Operator.h(468,20): warning C4244: 'return': conversion from '__int64' to 'unsigned int', possible loss of data
  (compiling source file 'arclangcompiler.cpp')
  
C:\Program Files\LLVM\include\llvm\IR\Operator.h(336,7): warning C4624: 'llvm::ConcreteOperator<llvm::Operator,47>': destructor was implicitly defined as deleted
  (compiling source file 'arclangcompiler.cpp')
      C:\Program Files\LLVM\include\llvm\IR\Operator.h(336,7):
      the template instantiation context (the oldest one first) is
          C:\Program Files\LLVM\include\llvm\IR\Operator.h(510,14):
          see reference to class template instantiation 'llvm::ConcreteOperator<llvm::Operator,47>' being compiled
  
C:\Program Files\LLVM\include\llvm\IR\Operator.h(509,7): warning C4624: 'llvm::PtrToIntOperator': destructor was implicitly defined as deleted
  (compiling source file 'arclangcompiler.cpp')
  
C:\Program Files\LLVM\include\llvm\IR\Operator.h(336,7): warning C4624: 'llvm::ConcreteOperator<llvm::Operator,49>': destructor was implicitly defined as deleted
  (compiling source file 'arclangcompiler.cpp')
      C:\Program Files\LLVM\include\llvm\IR\Operator.h(336,7):
      the template instantiation context (the oldest one first) is
          C:\Program Files\LLVM\include\llvm\IR\Operator.h(538,14):
          see reference to class template instantiation 'llvm::ConcreteOperator<llvm::Operator,49>' being compiled
  
C:\Program Files\LLVM\include\llvm\IR\Operator.h(537,7): warning C4624: 'llvm::BitCastOperator': destructor was implicitly defined as deleted
  (compiling source file 'arclangcompiler.cpp')
  
C:\Program Files\LLVM\include\llvm\IR\Operator.h(336,7): warning C4624: 'llvm::ConcreteOperator<llvm::Operator,50>': destructor was implicitly defined as deleted
  (compiling source file 'arclangcompiler.cpp')
      C:\Program Files\LLVM\include\llvm\IR\Operator.h(336,7):
      the template instantiation context (the oldest one first) is
          C:\Program Files\LLVM\include\llvm\IR\Operator.h(553,14):
          see reference to class template instantiation 'llvm::ConcreteOperator<llvm::Operator,50>' being compiled
  
C:\Program Files\LLVM\include\llvm\IR\Operator.h(552,7): warning C4624: 'llvm::AddrSpaceCastOperator': destructor was implicitly defined as deleted
  (compiling source file 'arclangcompiler.cpp')
  
C:\Program Files\LLVM\include\llvm\IR\CFG.h(124,23): warning C4244: 'return': conversion from '__int64' to 'unsigned int', possible loss of data
  (compiling source file 'arclangcompiler.cpp')
  
C:\Program Files\LLVM\include\llvm\IR\Instructions.h(1527,45): warning C4267: 'argument': conversion from 'size_t' to 'int', possible loss of data
  (compiling source file 'arclangcompiler.cpp')
  
C:\Program Files\LLVM\include\llvm\IR\Instructions.h(1536,37): warning C4267: 'argument': conversion from 'size_t' to 'int', possible loss of data
  (compiling source file 'arclangcompiler.cpp')
  
C:\Program Files\LLVM\include\llvm\IR\Instructions.h(1537,53): warning C4267: 'initializing': conversion from 'size_t' to 'unsigned int', possible loss of data
  (compiling source file 'arclangcompiler.cpp')
  
C:\Program Files\LLVM\include\llvm\IR\Instructions.h(1537,36): warning C4267: 'initializing': conversion from 'size_t' to 'const unsigned int', possible loss of data
  (compiling source file 'arclangcompiler.cpp')
  
C:\Program Files\LLVM\include\llvm\IR\Instructions.h(1550,45): warning C4267: 'argument': conversion from 'size_t' to 'int', possible loss of data
  (compiling source file 'arclangcompiler.cpp')
  
C:\Program Files\LLVM\include\llvm\IR\Instructions.h(1558,37): warning C4267: 'argument': conversion from 'size_t' to 'int', possible loss of data
  (compiling source file 'arclangcompiler.cpp')
  
C:\Program Files\LLVM\include\llvm\IR\Instructions.h(1559,53): warning C4267: 'initializing': conversion from 'size_t' to 'unsigned int', possible loss of data
  (compiling source file 'arclangcompiler.cpp')
  
C:\Program Files\LLVM\include\llvm\IR\Instructions.h(1559,36): warning C4267: 'initializing': conversion from 'size_t' to 'const unsigned int', possible loss of data
  (compiling source file 'arclangcompiler.cpp')
  
C:\Program Files\LLVM\include\llvm\IR\Instructions.h(2061,26): warning C4267: 'initializing': conversion from 'size_t' to 'unsigned int', possible loss of data
  (compiling source file 'arclangcompiler.cpp')
  
C:\Program Files\LLVM\include\llvm\IR\Instructions.h(2072,26): warning C4267: 'initializing': conversion from 'size_t' to 'unsigned int', possible loss of data
  (compiling source file 'arclangcompiler.cpp')
  
C:\Program Files\LLVM\include\llvm\IR\Instructions.h(2095,60): warning C4267: 'argument': conversion from 'size_t' to 'int', possible loss of data
  (compiling source file 'arclangcompiler.cpp')
  
C:\Program Files\LLVM\include\llvm\IR\Instructions.h(2127,76): warning C4267: 'argument': conversion from 'size_t' to 'int', possible loss of data
  (compiling source file 'arclangcompiler.cpp')
  
C:\Program Files\LLVM\include\llvm\IR\Instructions.h(2168,74): warning C4267: 'argument': conversion from 'size_t' to 'int', possible loss of data
  (compiling source file 'arclangcompiler.cpp')
  
C:\Program Files\LLVM\include\llvm\IR\Instructions.h(2189,75): warning C4267: 'argument': conversion from 'size_t' to 'int', possible loss of data
  (compiling source file 'arclangcompiler.cpp')
  
C:\Program Files\LLVM\include\llvm\IR\Instructions.h(2213,60): warning C4267: 'argument': conversion from 'size_t' to 'int', possible loss of data
  (compiling source file 'arclangcompiler.cpp')
  
C:\Program Files\LLVM\include\llvm\IR\Instructions.h(2262,77): warning C4267: 'argument': conversion from 'size_t' to 'int', possible loss of data
  (compiling source file 'arclangcompiler.cpp')
  
C:\Program Files\LLVM\include\llvm\IR\Instructions.h(2285,54): warning C4267: 'argument': conversion from 'size_t' to 'int', possible loss of data
  (compiling source file 'arclangcompiler.cpp')
  
C:\Program Files\LLVM\include\llvm\IR\Instructions.h(3408,24): warning C4244: 'argument': conversion from 'ptrdiff_t' to 'unsigned int', possible loss of data
  (compiling source file 'arclangcompiler.cpp')
  
C:\Program Files\LLVM\include\llvm\IR\Instructions.h(3876,51): warning C4267: 'argument': conversion from 'size_t' to 'int', possible loss of data
  (compiling source file 'arclangcompiler.cpp')
  
C:\Program Files\LLVM\include\llvm\IR\Instructions.h(3888,37): warning C4267: 'argument': conversion from 'size_t' to 'int', possible loss of data
  (compiling source file 'arclangcompiler.cpp')
  
C:\Program Files\LLVM\include\llvm\IR\Instructions.h(3889,30): warning C4267: 'initializing': conversion from 'size_t' to 'unsigned int', possible loss of data
  (compiling source file 'arclangcompiler.cpp')
  
C:\Program Files\LLVM\include\llvm\IR\Instructions.h(3899,51): warning C4267: 'argument': conversion from 'size_t' to 'int', possible loss of data
  (compiling source file 'arclangcompiler.cpp')
  
C:\Program Files\LLVM\include\llvm\IR\Instructions.h(3910,37): warning C4267: 'argument': conversion from 'size_t' to 'int', possible loss of data
  (compiling source file 'arclangcompiler.cpp')
  
C:\Program Files\LLVM\include\llvm\IR\Instructions.h(3911,30): warning C4267: 'initializing': conversion from 'size_t' to 'unsigned int', possible loss of data
  (compiling source file 'arclangcompiler.cpp')
  
C:\Program Files\LLVM\include\llvm\IR\Instructions.h(4082,73): warning C4267: 'argument': conversion from 'size_t' to 'int', possible loss of data
  (compiling source file 'arclangcompiler.cpp')
  
C:\Program Files\LLVM\include\llvm\IR\Instructions.h(4082,51): warning C4267: 'argument': conversion from 'size_t' to 'int', possible loss of data
  (compiling source file 'arclangcompiler.cpp')
  
C:\Program Files\LLVM\include\llvm\IR\Instructions.h(4093,73): warning C4267: 'argument': conversion from 'size_t' to 'int', possible loss of data
  (compiling source file 'arclangcompiler.cpp')
  
C:\Program Files\LLVM\include\llvm\IR\Instructions.h(4093,51): warning C4267: 'argument': conversion from 'size_t' to 'int', possible loss of data
  (compiling source file 'arclangcompiler.cpp')
  
C:\Program Files\LLVM\include\llvm\IR\Instructions.h(4095,30): warning C4267: 'initializing': conversion from 'size_t' to 'unsigned int', possible loss of data
  (compiling source file 'arclangcompiler.cpp')
  
C:\Program Files\LLVM\include\llvm\IR\Instructions.h(4107,73): warning C4267: 'argument': conversion from 'size_t' to 'int', possible loss of data
  (compiling source file 'arclangcompiler.cpp')
  
C:\Program Files\LLVM\include\llvm\IR\Instructions.h(4107,51): warning C4267: 'argument': conversion from 'size_t' to 'int', possible loss of data
  (compiling source file 'arclangcompiler.cpp')
  
C:\Program Files\LLVM\include\llvm\IR\Instructions.h(4119,73): warning C4267: 'argument': conversion from 'size_t' to 'int', possible loss of data
  (compiling source file 'arclangcompiler.cpp')
  
C:\Program Files\LLVM\include\llvm\IR\Instructions.h(4119,51): warning C4267: 'argument': conversion from 'size_t' to 'int', possible loss of data
  (compiling source file 'arclangcompiler.cpp')
  
C:\Program Files\LLVM\include\llvm\IR\Instructions.h(4121,30): warning C4267: 'initializing': conversion from 'size_t' to 'unsigned int', possible loss of data
  (compiling source file 'arclangcompiler.cpp')
  
C:\Program Files\LLVM\include\llvm\IR\Instructions.h(4523,21): warning C4267: 'initializing': conversion from 'size_t' to 'unsigned int', possible loss of data
  (compiling source file 'arclangcompiler.cpp')
  
C:\Program Files\LLVM\include\llvm\IR\Instructions.h(4530,21): warning C4267: 'initializing': conversion from 'size_t' to 'unsigned int', possible loss of data
  (compiling source file 'arclangcompiler.cpp')
  
C:\Program Files\LLVM\include\llvm\IR\Instructions.h(4564,21): warning C4267: 'initializing': conversion from 'size_t' to 'unsigned int', possible loss of data
  (compiling source file 'arclangcompiler.cpp')
  
C:\Program Files\LLVM\include\llvm\IR\Instructions.h(4571,21): warning C4267: 'initializing': conversion from 'size_t' to 'unsigned int', possible loss of data
  (compiling source file 'arclangcompiler.cpp')
  
C:\Program Files\LLVM\include\llvm\ADT\FunctionExtras.h(164,18): error C4996: 'std::aligned_storage_t': warning STL4034: std::aligned_storage and std::aligned_storage_t are deprecated in C++23. Prefer alignas(T) std::byte t_buff[sizeof(T)]. You can define _SILENCE_CXX23_ALIGNED_STORAGE_DEPRECATION_WARNING or _SILENCE_ALL_CXX23_DEPRECATION_WARNINGS to suppress this warning.
  (compiling source file 'arclangcompiler.cpp')
      C:\Program Files\LLVM\include\llvm\ADT\FunctionExtras.h(164,18):
      the template instantiation context (the oldest one first) is
          C:\Program Files\LLVM\include\llvm\ADT\FunctionExtras.h(80,56):
          while compiling class template 'llvm::detail::UniqueFunctionBase'
          C:\Program Files\LLVM\include\llvm\ADT\FunctionExtras.h(148,9):
          while compiling class 'llvm::detail::UniqueFunctionBase<ReturnT,ParamTs...>::StorageUnionT'
  
C:\Program Files\LLVM\include\llvm\Support\ErrorOr.h(255,41): error C2065: 'LargeRep': undeclared identifier
  (compiling source file 'arclangcompiler.cpp')
      C:\Program Files\LLVM\include\llvm\Support\ErrorOr.h(255,41):
      the template instantiation context (the oldest one first) is
          C:\Program Files\LLVM\include\llvm\Support\ErrorOr.h(56,7):
          while compiling class template 'llvm::ErrorOr'
  
C:\Program Files\LLVM\include\llvm\Support\ErrorOr.h(255,5): error C7568: argument list missing after assumed function template 'AlignedCharArrayUnion'
  (compiling source file 'arclangcompiler.cpp')
  
C:\Program Files\LLVM\include\llvm\Support\ErrorOr.h(256,5): error C7568: argument list missing after assumed function template 'AlignedCharArrayUnion'
  (compiling source file 'arclangcompiler.cpp')
  
C:\Program Files\LLVM\include\llvm\Support\Error.h(724,41): error C2065: 'LargeRep': undeclared identifier
  (compiling source file 'arclangcompiler.cpp')
      C:\Program Files\LLVM\include\llvm\Support\Error.h(724,41):
      the template instantiation context (the oldest one first) is
          C:\Program Files\LLVM\include\llvm\Support\Error.h(475,40):
          while compiling class template 'llvm::Expected'
  
C:\Program Files\LLVM\include\llvm\Support\Error.h(724,5): error C7568: argument list missing after assumed function template 'AlignedCharArrayUnion'
  (compiling source file 'arclangcompiler.cpp')
  
C:\Program Files\LLVM\include\llvm\Support\Error.h(725,5): error C7568: argument list missing after assumed function template 'AlignedCharArrayUnion'
  (compiling source file 'arclangcompiler.cpp')
  
C:\Users\Ashfaque\source\repos\arclangcompiler\arclangcompiler\arclangcompiler.cpp(96,6): warning C4326: return type of 'main' should be 'int' instead of 'void'
